<?xml version="1.0" encoding="UTF-8"?>
<testng-results ignored="0" total="1" passed="1" failed="0" skipped="0">
  <reporter-output>
  </reporter-output>
  <suite started-at="2020-05-15T16:48:26 PDT" name="Default suite" finished-at="2020-05-15T16:48:33 PDT" duration-ms="7264">
    <groups>
    </groups>
    <test started-at="2020-05-15T16:48:26 PDT" name="Default test" finished-at="2020-05-15T16:48:33 PDT" duration-ms="7264">
      <class name="classesPackage.SeleniumDrivers">
        <test-method signature="GetURL()[pri:0, instance:classesPackage.SeleniumDrivers@3cc2931c]" started-at="2020-05-15T16:48:26 PDT" name="GetURL" finished-at="2020-05-15T16:48:33 PDT" duration-ms="7239" status="PASS">
          <reporter-output>
          </reporter-output>
        </test-method> <!-- GetURL -->
      </class> <!-- classesPackage.SeleniumDrivers -->
    </test> <!-- Default test -->
  </suite> <!-- Default suite -->
</testng-results>
