<?xml version="1.0" encoding="UTF-8"?>
<!-- Generated by org.testng.reporters.JUnitXMLReporter -->
<testsuite ignored="0" hostname="DESKTOP-QDGQPOH" failures="0" tests="4" name="Default test" time="0.028" errors="0" timestamp="2020-05-12T17:50:53 PDT">
  <testcase classname="classesPackage.Login" name="LoginAPIHome" time="0.003"/>
  <testcase classname="classesPackage.Login" name="MobileLoginHome" time="0.001"/>
  <testcase classname="classesPackage.Login" name="MobileLoginOut" time="0.001"/>
  <testcase classname="classesPackage.Login" name="WebLoginHome" time="0.001"/>
</testsuite> <!-- Default test -->
