<?xml version="1.0" encoding="UTF-8"?>
<!-- Generated by org.testng.reporters.JUnitXMLReporter -->
<testsuite ignored="7" hostname="DESKTOP-QDGQPOH" failures="0" tests="4" name="Smoke Tests" time="0.037" errors="0" timestamp="2020-05-13T13:33:08 PDT">
  <testcase classname="classesPackage.Login" name="LoginAPIHome" time="0.006"/>
  <testcase classname="classesPackage.Login" name="WebLoginHome" time="0.001"/>
  <testcase classname="classesPackage.A" name="Search" time="0.001"/>
  <testcase classname="classesPackage.A" name="TestScroll" time="0.001"/>
  <testcase classname="classesPackage.Login" name="MobileLoginHome" time="0.0">
    <ignored/>
  </testcase> <!-- MobileLoginHome -->
  <testcase classname="classesPackage.Login" name="CrwolinHomePage" time="0.0">
    <ignored/>
  </testcase> <!-- CrwolinHomePage -->
  <testcase classname="classesPackage.Login" name="MobileLogOut" time="0.0">
    <ignored/>
  </testcase> <!-- MobileLogOut -->
  <testcase classname="classesPackage.A" name="beforeMethod" time="0.0">
    <ignored/>
  </testcase> <!-- beforeMethod -->
  <testcase classname="classesPackage.Login" name="DisputeSubmit" time="0.0">
    <ignored/>
  </testcase> <!-- DisputeSubmit -->
  <testcase classname="classesPackage.Parent" name="f" time="0.0">
    <ignored/>
  </testcase> <!-- f -->
  <testcase classname="classesPackage.A" name="OnlyRunMe" time="0.0">
    <ignored/>
  </testcase> <!-- OnlyRunMe -->
</testsuite> <!-- Smoke Tests -->
