<?xml version="1.0" encoding="UTF-8"?>
<!-- Generated by org.testng.reporters.JUnitXMLReporter -->
<testsuite ignored="4" hostname="DESKTOP-QDGQPOH" failures="0" tests="6" name="Test" time="0.047" errors="0" timestamp="2020-05-13T10:19:07 PDT">
  <testcase classname="classesPackage.Parent" name="f" time="0.005"/>
  <testcase classname="classesPackage.Login" name="CrwolinHomePage" time="0.005"/>
  <testcase classname="classesPackage.Login" name="DisputeSubmit" time="0.001"/>
  <testcase classname="classesPackage.Login" name="LoginAPIHome" time="0.001"/>
  <testcase classname="classesPackage.Login" name="WebLoginHome" time="0.001"/>
  <testcase classname="classesPackage.A" name="OnlyRunMe" time="0.0"/>
  <testcase classname="classesPackage.Login" name="MobileLoginHome" time="0.0">
    <ignored/>
  </testcase> <!-- MobileLoginHome -->
  <testcase classname="classesPackage.Login" name="MobileLogOut" time="0.0">
    <ignored/>
  </testcase> <!-- MobileLogOut -->
  <testcase classname="classesPackage.A" name="Search" time="0.0">
    <ignored/>
  </testcase> <!-- Search -->
  <testcase classname="classesPackage.A" name="TestScroll" time="0.0">
    <ignored/>
  </testcase> <!-- TestScroll -->
</testsuite> <!-- Test -->
