<?xml version="1.0" encoding="UTF-8"?>
<!-- Generated by org.testng.reporters.JUnitXMLReporter -->
<testsuite ignored="3" hostname="DESKTOP-QDGQPOH" failures="0" tests="4" name="Test" time="0.032" errors="0" timestamp="2020-05-12T14:53:04 PDT">
  <testcase classname="classesPackage.Parent" name="f" time="0.005"/>
  <testcase classname="classesPackage.Login" name="LoginAPIHome" time="0.001"/>
  <testcase classname="classesPackage.Login" name="WebLoginHome" time="0.001"/>
  <testcase classname="classesPackage.A" name="OnlyRunMe" time="0.001"/>
  <testcase classname="classesPackage.Login" name="MobileLoginHome" time="0.0">
    <ignored/>
  </testcase> <!-- MobileLoginHome -->
  <testcase classname="classesPackage.A" name="f" time="0.0">
    <ignored/>
  </testcase> <!-- f -->
  <testcase classname="classesPackage.Login" name="MobileLoginOut" time="0.0">
    <ignored/>
  </testcase> <!-- MobileLoginOut -->
</testsuite> <!-- Test -->
