<?xml version="1.0" encoding="UTF-8"?>
<!-- Generated by org.testng.reporters.JUnitXMLReporter -->
<testsuite ignored="5" hostname="DESKTOP-QDGQPOH" failures="0" tests="9" name="Home Page Testing" time="0.041" errors="0" timestamp="2020-05-13T19:22:23 PDT">
  <testcase classname="classesPackage.Parent" name="f" time="0.003"/>
  <testcase classname="classesPackage.Login" name="CrwolinHomePage" time="0.004"/>
  <testcase classname="classesPackage.Login" name="DisputeSubmit" time="0.001"/>
  <testcase classname="classesPackage.Login" name="LoginAPIHome" time="0.001"/>
  <testcase classname="classesPackage.Login" name="WebLoginHome" time="0.001"/>
  <testcase classname="classesPackage.Parameterization" name="RunParameterizaion" time="0.001"/>
  <testcase classname="classesPackage.Parameterization" name="regForm" time="0.0"/>
  <testcase classname="classesPackage.Parameterization" name="regForm" time="0.001"/>
  <testcase classname="classesPackage.Parameterization" name="regForm" time="0.0"/>
  <testcase classname="classesPackage.Login" name="MobileLoginHome" time="0.0">
    <ignored/>
  </testcase> <!-- MobileLoginHome -->
  <testcase classname="classesPackage.Login" name="MobileLogOut" time="0.0">
    <ignored/>
  </testcase> <!-- MobileLogOut -->
  <testcase classname="classesPackage.A" name="beforeMethod" time="0.0">
    <ignored/>
  </testcase> <!-- beforeMethod -->
  <testcase classname="classesPackage.A" name="Search" time="0.0">
    <ignored/>
  </testcase> <!-- Search -->
  <testcase classname="classesPackage.A" name="TestScroll" time="0.0">
    <ignored/>
  </testcase> <!-- TestScroll -->
</testsuite> <!-- Home Page Testing -->
