<?xml version="1.0" encoding="UTF-8"?>
<testng-results ignored="0" total="2" passed="2" failed="0" skipped="0">
  <reporter-output>
  </reporter-output>
  <suite started-at="2020-05-12T10:59:02 PDT" name="Default suite" finished-at="2020-05-12T10:59:02 PDT" duration-ms="26">
    <groups>
    </groups>
    <test started-at="2020-05-12T10:59:02 PDT" name="Default test" finished-at="2020-05-12T10:59:02 PDT" duration-ms="26">
      <class name="classesPackage.Parent">
        <test-method is-config="true" signature="beforeSuite()[pri:0, instance:classesPackage.Parent@78dd667e]" started-at="2020-05-12T10:59:02 PDT" name="beforeSuite" finished-at="2020-05-12T10:59:02 PDT" duration-ms="1" status="PASS">
          <reporter-output>
          </reporter-output>
        </test-method> <!-- beforeSuite -->
        <test-method is-config="true" signature="beforeTest()[pri:0, instance:classesPackage.Parent@78dd667e]" started-at="2020-05-12T10:59:02 PDT" name="beforeTest" finished-at="2020-05-12T10:59:02 PDT" duration-ms="0" status="PASS">
          <reporter-output>
          </reporter-output>
        </test-method> <!-- beforeTest -->
        <test-method is-config="true" signature="beforeClass()[pri:0, instance:classesPackage.Parent@78dd667e]" started-at="2020-05-12T10:59:02 PDT" name="beforeClass" finished-at="2020-05-12T10:59:02 PDT" duration-ms="0" status="PASS">
          <reporter-output>
          </reporter-output>
        </test-method> <!-- beforeClass -->
        <test-method signature="f()[pri:0, instance:classesPackage.Parent@78dd667e]" started-at="2020-05-12T10:59:02 PDT" name="f" finished-at="2020-05-12T10:59:02 PDT" duration-ms="4" status="PASS">
          <reporter-output>
          </reporter-output>
        </test-method> <!-- f -->
        <test-method is-config="true" signature="beforeMethod()[pri:0, instance:classesPackage.Parent@78dd667e]" started-at="2020-05-12T10:59:02 PDT" name="beforeMethod" finished-at="2020-05-12T10:59:02 PDT" duration-ms="0" status="PASS">
          <reporter-output>
          </reporter-output>
        </test-method> <!-- beforeMethod -->
        <test-method is-config="true" signature="afterMethod()[pri:0, instance:classesPackage.Parent@78dd667e]" started-at="2020-05-12T10:59:02 PDT" name="afterMethod" finished-at="2020-05-12T10:59:02 PDT" duration-ms="1" status="PASS">
          <reporter-output>
          </reporter-output>
        </test-method> <!-- afterMethod -->
        <test-method is-config="true" signature="afterClass()[pri:0, instance:classesPackage.Parent@78dd667e]" started-at="2020-05-12T10:59:02 PDT" name="afterClass" finished-at="2020-05-12T10:59:02 PDT" duration-ms="1" status="PASS">
          <reporter-output>
          </reporter-output>
        </test-method> <!-- afterClass -->
        <test-method is-config="true" signature="afterTest()[pri:0, instance:classesPackage.Parent@78dd667e]" started-at="2020-05-12T10:59:02 PDT" name="afterTest" finished-at="2020-05-12T10:59:02 PDT" duration-ms="0" status="PASS">
          <reporter-output>
          </reporter-output>
        </test-method> <!-- afterTest -->
        <test-method is-config="true" signature="afterSuite()[pri:0, instance:classesPackage.Parent@78dd667e]" started-at="2020-05-12T10:59:02 PDT" name="afterSuite" finished-at="2020-05-12T10:59:02 PDT" duration-ms="0" status="PASS">
          <reporter-output>
          </reporter-output>
        </test-method> <!-- afterSuite -->
      </class> <!-- classesPackage.Parent -->
      <class name="classesPackage.A">
        <test-method is-config="true" signature="beforeSuite()[pri:0, instance:classesPackage.A@10db82ae]" started-at="2020-05-12T10:59:02 PDT" name="beforeSuite" finished-at="2020-05-12T10:59:02 PDT" duration-ms="4" status="PASS">
          <reporter-output>
          </reporter-output>
        </test-method> <!-- beforeSuite -->
        <test-method is-config="true" signature="beforeTest()[pri:0, instance:classesPackage.A@10db82ae]" started-at="2020-05-12T10:59:02 PDT" name="beforeTest" finished-at="2020-05-12T10:59:02 PDT" duration-ms="0" status="PASS">
          <reporter-output>
          </reporter-output>
        </test-method> <!-- beforeTest -->
        <test-method signature="f()[pri:0, instance:classesPackage.A@10db82ae]" started-at="2020-05-12T10:59:02 PDT" name="f" finished-at="2020-05-12T10:59:02 PDT" duration-ms="1" status="PASS">
          <reporter-output>
          </reporter-output>
        </test-method> <!-- f -->
        <test-method is-config="true" signature="beforeClass()[pri:0, instance:classesPackage.A@10db82ae]" started-at="2020-05-12T10:59:02 PDT" name="beforeClass" finished-at="2020-05-12T10:59:02 PDT" duration-ms="0" status="PASS">
          <reporter-output>
          </reporter-output>
        </test-method> <!-- beforeClass -->
        <test-method is-config="true" signature="beforeMethod()[pri:0, instance:classesPackage.A@10db82ae]" started-at="2020-05-12T10:59:02 PDT" name="beforeMethod" finished-at="2020-05-12T10:59:02 PDT" duration-ms="0" status="PASS">
          <reporter-output>
          </reporter-output>
        </test-method> <!-- beforeMethod -->
        <test-method is-config="true" signature="afterClass()[pri:0, instance:classesPackage.A@10db82ae]" started-at="2020-05-12T10:59:02 PDT" name="afterClass" finished-at="2020-05-12T10:59:02 PDT" duration-ms="0" status="PASS">
          <reporter-output>
          </reporter-output>
        </test-method> <!-- afterClass -->
        <test-method is-config="true" signature="afterMethod()[pri:0, instance:classesPackage.A@10db82ae]" started-at="2020-05-12T10:59:02 PDT" name="afterMethod" finished-at="2020-05-12T10:59:02 PDT" duration-ms="0" status="PASS">
          <reporter-output>
          </reporter-output>
        </test-method> <!-- afterMethod -->
        <test-method is-config="true" signature="afterTest()[pri:0, instance:classesPackage.A@10db82ae]" started-at="2020-05-12T10:59:02 PDT" name="afterTest" finished-at="2020-05-12T10:59:02 PDT" duration-ms="0" status="PASS">
          <reporter-output>
          </reporter-output>
        </test-method> <!-- afterTest -->
        <test-method is-config="true" signature="afterSuite()[pri:0, instance:classesPackage.A@10db82ae]" started-at="2020-05-12T10:59:02 PDT" name="afterSuite" finished-at="2020-05-12T10:59:02 PDT" duration-ms="1" status="PASS">
          <reporter-output>
          </reporter-output>
        </test-method> <!-- afterSuite -->
      </class> <!-- classesPackage.A -->
    </test> <!-- Default test -->
  </suite> <!-- Default suite -->
</testng-results>
