<?xml version="1.0" encoding="UTF-8"?>
<testng-results ignored="0" total="4" passed="4" failed="0" skipped="0">
  <reporter-output>
  </reporter-output>
  <suite started-at="2020-05-13T13:12:54 PDT" name="Barn2Door Home Page" finished-at="2020-05-13T13:12:54 PDT" duration-ms="35">
    <groups>
    </groups>
    <test started-at="2020-05-13T13:12:54 PDT" name="Home Page Testing" finished-at="2020-05-13T13:12:54 PDT" duration-ms="35">
      <class name="classesPackage.Parameterization">
        <test-method signature="RunParameterizaion(java.lang.String, java.lang.String)[pri:0, instance:classesPackage.Parameterization@527e5409]" started-at="2020-05-13T13:12:54 PDT" name="RunParameterizaion" finished-at="2020-05-13T13:12:54 PDT" duration-ms="6" status="PASS">
          <params>
            <param index="0">
              <value>
                <![CDATA[barn2door.com]]>
              </value>
            </param>
            <param index="1">
              <value>
                <![CDATA[123456]]>
              </value>
            </param>
          </params>
          <reporter-output>
          </reporter-output>
        </test-method> <!-- RunParameterizaion -->
        <test-method signature="regForm(java.lang.String, java.lang.String)[pri:0, instance:classesPackage.Parameterization@527e5409]" started-at="2020-05-13T13:12:54 PDT" name="regForm" data-provider="getData" finished-at="2020-05-13T13:12:54 PDT" duration-ms="1" status="PASS">
          <params>
            <param index="0">
              <value>
                <![CDATA[firstusername]]>
              </value>
            </param>
            <param index="1">
              <value>
                <![CDATA[firstpassword]]>
              </value>
            </param>
          </params>
          <reporter-output>
          </reporter-output>
        </test-method> <!-- regForm -->
        <test-method signature="regForm(java.lang.String, java.lang.String)[pri:0, instance:classesPackage.Parameterization@527e5409]" started-at="2020-05-13T13:12:54 PDT" name="regForm" data-provider="getData" finished-at="2020-05-13T13:12:54 PDT" duration-ms="0" status="PASS">
          <params>
            <param index="0">
              <value>
                <![CDATA[secondusername]]>
              </value>
            </param>
            <param index="1">
              <value>
                <![CDATA[secondpassword]]>
              </value>
            </param>
          </params>
          <reporter-output>
          </reporter-output>
        </test-method> <!-- regForm -->
        <test-method signature="regForm(java.lang.String, java.lang.String)[pri:0, instance:classesPackage.Parameterization@527e5409]" started-at="2020-05-13T13:12:54 PDT" name="regForm" data-provider="getData" finished-at="2020-05-13T13:12:54 PDT" duration-ms="1" status="PASS">
          <params>
            <param index="0">
              <value>
                <![CDATA[thirdusername]]>
              </value>
            </param>
            <param index="1">
              <value>
                <![CDATA[thirdpassword]]>
              </value>
            </param>
          </params>
          <reporter-output>
          </reporter-output>
        </test-method> <!-- regForm -->
      </class> <!-- classesPackage.Parameterization -->
    </test> <!-- Home Page Testing -->
  </suite> <!-- Barn2Door Home Page -->
</testng-results>
