<?xml version="1.0" encoding="UTF-8"?>
<testng-results ignored="0" total="4" passed="4" failed="0" skipped="0">
  <reporter-output>
  </reporter-output>
  <suite started-at="2020-05-12T14:53:43 PDT" name="Default suite" finished-at="2020-05-12T14:53:43 PDT" duration-ms="41">
    <groups>
    </groups>
    <test started-at="2020-05-12T14:53:43 PDT" name="Default test" finished-at="2020-05-12T14:53:43 PDT" duration-ms="41">
      <class name="classesPackage.Login">
        <test-method is-config="true" signature="LaunchApplication()[pri:0, instance:classesPackage.Login@76ed1b7c]" started-at="2020-05-12T14:53:43 PDT" name="LaunchApplication" finished-at="2020-05-12T14:53:43 PDT" duration-ms="7" status="PASS">
          <reporter-output>
          </reporter-output>
        </test-method> <!-- LaunchApplication -->
        <test-method signature="LoginAPIHome()[pri:0, instance:classesPackage.Login@76ed1b7c]" started-at="2020-05-12T14:53:43 PDT" name="LoginAPIHome" finished-at="2020-05-12T14:53:43 PDT" duration-ms="3" status="PASS">
          <reporter-output>
          </reporter-output>
        </test-method> <!-- LoginAPIHome -->
        <test-method signature="MobileLoginHome()[pri:0, instance:classesPackage.Login@76ed1b7c]" started-at="2020-05-12T14:53:43 PDT" name="MobileLoginHome" finished-at="2020-05-12T14:53:43 PDT" duration-ms="1" status="PASS">
          <reporter-output>
          </reporter-output>
        </test-method> <!-- MobileLoginHome -->
        <test-method signature="MobileLoginOut()[pri:0, instance:classesPackage.Login@76ed1b7c]" started-at="2020-05-12T14:53:43 PDT" name="MobileLoginOut" finished-at="2020-05-12T14:53:43 PDT" duration-ms="1" status="PASS">
          <reporter-output>
          </reporter-output>
        </test-method> <!-- MobileLoginOut -->
        <test-method signature="WebLoginHome()[pri:0, instance:classesPackage.Login@76ed1b7c]" started-at="2020-05-12T14:53:43 PDT" name="WebLoginHome" finished-at="2020-05-12T14:53:43 PDT" duration-ms="1" status="PASS">
          <reporter-output>
          </reporter-output>
        </test-method> <!-- WebLoginHome -->
        <test-method is-config="true" signature="AfterTest()[pri:0, instance:classesPackage.Login@76ed1b7c]" started-at="2020-05-12T14:53:43 PDT" name="AfterTest" finished-at="2020-05-12T14:53:43 PDT" duration-ms="0" status="PASS">
          <reporter-output>
          </reporter-output>
        </test-method> <!-- AfterTest -->
      </class> <!-- classesPackage.Login -->
    </test> <!-- Default test -->
  </suite> <!-- Default suite -->
</testng-results>
