<?xml version="1.0" encoding="UTF-8"?>
<testng-results ignored="7" total="11" passed="4" failed="0" skipped="0">
  <reporter-output>
  </reporter-output>
  <suite started-at="2020-05-13T13:33:08 PDT" name="Smoke" finished-at="2020-05-13T13:33:08 PDT" duration-ms="37">
    <groups>
      <group name="Smoke">
        <method signature="A.Search()[pri:0, instance:classesPackage.A@2805c96b]" name="Search" class="classesPackage.A"/>
        <method signature="A.TestScroll()[pri:0, instance:classesPackage.A@2805c96b]" name="TestScroll" class="classesPackage.A"/>
        <method signature="Login.LoginAPIHome()[pri:0, instance:classesPackage.Login@4fe767f3]" name="LoginAPIHome" class="classesPackage.Login"/>
        <method signature="Login.WebLoginHome()[pri:0, instance:classesPackage.Login@4fe767f3]" name="WebLoginHome" class="classesPackage.Login"/>
      </group> <!-- Smoke -->
    </groups>
    <test started-at="2020-05-13T13:33:08 PDT" name="Smoke Tests" finished-at="2020-05-13T13:33:08 PDT" duration-ms="37">
      <class name="classesPackage.Login">
        <test-method signature="LoginAPIHome()[pri:0, instance:classesPackage.Login@4fe767f3]" started-at="2020-05-13T13:33:08 PDT" name="LoginAPIHome" finished-at="2020-05-13T13:33:08 PDT" duration-ms="6" status="PASS">
          <reporter-output>
          </reporter-output>
        </test-method> <!-- LoginAPIHome -->
        <test-method signature="WebLoginHome()[pri:0, instance:classesPackage.Login@4fe767f3]" started-at="2020-05-13T13:33:08 PDT" name="WebLoginHome" finished-at="2020-05-13T13:33:08 PDT" duration-ms="1" status="PASS">
          <reporter-output>
          </reporter-output>
        </test-method> <!-- WebLoginHome -->
      </class> <!-- classesPackage.Login -->
      <class name="classesPackage.A">
        <test-method signature="Search()[pri:0, instance:classesPackage.A@2805c96b]" started-at="2020-05-13T13:33:08 PDT" name="Search" finished-at="2020-05-13T13:33:08 PDT" duration-ms="1" status="PASS">
          <reporter-output>
          </reporter-output>
        </test-method> <!-- Search -->
        <test-method signature="TestScroll()[pri:0, instance:classesPackage.A@2805c96b]" started-at="2020-05-13T13:33:08 PDT" name="TestScroll" finished-at="2020-05-13T13:33:08 PDT" duration-ms="1" status="PASS">
          <reporter-output>
          </reporter-output>
        </test-method> <!-- TestScroll -->
      </class> <!-- classesPackage.A -->
    </test> <!-- Smoke Tests -->
  </suite> <!-- Smoke -->
</testng-results>
