<?xml version="1.0" encoding="UTF-8"?>
<!-- Generated by org.testng.reporters.JUnitXMLReporter -->
<testsuite ignored="0" hostname="DESKTOP-QDGQPOH" failures="0" tests="12" name="Test" time="5.027" errors="0" timestamp="2020-05-15T16:04:34 PDT">
  <testcase classname="classesPackage.Parameterization" name="RunParameterizaion" time="0.004"/>
  <testcase classname="classesPackage.Parameterization" name="regForm" time="0.001"/>
  <testcase classname="classesPackage.Parameterization" name="regForm" time="0.0"/>
  <testcase classname="classesPackage.Parameterization" name="regForm" time="0.001"/>
  <testcase classname="classesPackage.Parent" name="f" time="0.001"/>
  <testcase classname="classesPackage.SeleniumDrivers" name="f" time="4.966"/>
  <testcase classname="classesPackage.Login" name="LoginAPIHome" time="0.001"/>
  <testcase classname="classesPackage.Login" name="MobileLoginHome" time="0.001"/>
  <testcase classname="classesPackage.Login" name="WebLoginHome" time="0.001"/>
  <testcase classname="classesPackage.Login" name="CrwolinHomePage" time="0.002"/>
  <testcase classname="classesPackage.Login" name="DisputeSubmit" time="0.001"/>
  <testcase classname="classesPackage.Login" name="MobileLogOut" time="0.001"/>
</testsuite> <!-- Test -->
