<?xml version="1.0" encoding="UTF-8"?>
<!-- Generated by org.testng.reporters.JUnitXMLReporter -->
<testsuite ignored="0" hostname="DESKTOP-QDGQPOH" failures="0" tests="7" name="Smoke Tests" time="0.038" errors="0" timestamp="2020-05-12T14:01:08 PDT">
  <testcase classname="classesPackage.A" name="OnlyRunMe" time="0.004"/>
  <testcase classname="classesPackage.A" name="f" time="0.002"/>
  <testcase classname="classesPackage.Login" name="LoginAPIHome" time="0.001"/>
  <testcase classname="classesPackage.Login" name="MobileLoginHome" time="0.0"/>
  <testcase classname="classesPackage.Login" name="MobileLoginOut" time="0.001"/>
  <testcase classname="classesPackage.Login" name="WebLoginHome" time="0.0"/>
  <testcase classname="classesPackage.Parent" name="f" time="0.0"/>
</testsuite> <!-- Smoke Tests -->
