<?xml version="1.0" encoding="UTF-8"?>
<!-- Generated by org.testng.reporters.JUnitXMLReporter -->
<testsuite ignored="0" hostname="DESKTOP-QDGQPOH" failures="0" tests="4" name="Home Page Testing" time="0.036" errors="0" timestamp="2020-05-13T13:25:30 PDT">
  <testcase classname="classesPackage.Parameterization" name="RunParameterizaion" time="0.005"/>
  <testcase classname="classesPackage.Parameterization" name="regForm" time="0.001"/>
  <testcase classname="classesPackage.Parameterization" name="regForm" time="0.001"/>
  <testcase classname="classesPackage.Parameterization" name="regForm" time="0.001"/>
</testsuite> <!-- Home Page Testing -->
